<?xml version="1.0" encoding="UTF-8"?>
<!-- Generated by org.testng.reporters.JUnitReportReporter -->
<testsuite hostname="Falcon" failures="0" tests="1" name="pageobjects.HomePage" time="55.426" errors="0" timestamp="2024-10-24T06:23:57 IST" skipped="0">
  <testcase classname="pageobjects.HomePage" name="verfiyTheLaptopsPrice" time="55.426"/>
</testsuite> <!-- pageobjects.HomePage -->
