<?xml version="1.0" encoding="UTF-8"?>
<!-- Generated by org.testng.reporters.JUnitReportReporter -->
<testsuite hostname="Falcon" failures="0" tests="1" name="pageobjects.ProductPage" time="8.440" errors="0" timestamp="2024-11-04T07:50:50 IST" skipped="0">
  <testcase classname="pageobjects.ProductPage" name="productVerification" time="8.440"/>
</testsuite> <!-- pageobjects.ProductPage -->
