<?xml version="1.0" encoding="UTF-8"?>
<!-- Generated by org.testng.reporters.JUnitReportReporter -->
<testsuite hostname="Falcon" failures="0" tests="1" name="pageobjects.Register" time="14.895" errors="0" timestamp="2024-10-23T06:12:43 IST" skipped="0">
  <testcase classname="pageobjects.Register" name="login" time="14.895"/>
</testsuite> <!-- pageobjects.Register -->
