<?xml version="1.0" encoding="UTF-8"?>
<!-- Generated by org.testng.reporters.JUnitReportReporter -->
<testsuite hostname="Falcon" failures="0" tests="1" name="pageobjects.Login" time="35.976" errors="0" timestamp="2024-11-01T06:48:00 IST" skipped="0">
  <testcase classname="pageobjects.Login" name="login" time="35.976"/>
</testsuite> <!-- pageobjects.Login -->
